\\SITMF302.SERVERS.CHRYSLER.COM\T1170FP$\DATA\MY DOCUMENTS\VISUAL STUDIO 2010\PROJECTS\OPENGL_1\TRANSLATION\DEBUG\MAIN.OBJ
\\SITMF302.SERVERS.CHRYSLER.COM\T1170FP$\DATA\MY DOCUMENTS\VISUAL STUDIO 2010\PROJECTS\OPENGL_1\TRANSLATION\DEBUG\SHADER.OBJ
\\SITMF302.SERVERS.CHRYSLER.COM\T1170FP$\DATA\MY DOCUMENTS\VISUAL STUDIO 2010\PROJECTS\OPENGL_1\TRANSLATION\DEBUG\VC100.PDB
\\SITMF302.SERVERS.CHRYSLER.COM\T1170FP$\DATA\MY DOCUMENTS\VISUAL STUDIO 2010\PROJECTS\OPENGL_1\DEBUG\2-TRANSLATION.EXE
\\SITMF302.SERVERS.CHRYSLER.COM\T1170FP$\DATA\MY DOCUMENTS\VISUAL STUDIO 2010\PROJECTS\OPENGL_1\TRANSLATION\DEBUG\2-TRANSLATION.EXE.INTERMEDIATE.MANIFEST
\\SITMF302.SERVERS.CHRYSLER.COM\T1170FP$\DATA\MY DOCUMENTS\VISUAL STUDIO 2010\PROJECTS\OPENGL_1\DEBUG\2-TRANSLATION.PDB
C:\Users\Fabrizio\Documents\Visual Studio 2012\Projects\OpenGL_1\Translation\Debug\main.obj
C:\Users\Fabrizio\Documents\Visual Studio 2012\Projects\OpenGL_1\Translation\Debug\shader.obj
C:\Users\Fabrizio\Documents\Visual Studio 2012\Projects\OpenGL_1\Translation\Debug\2-Translation.write.1.tlog
C:\Users\Fabrizio\Documents\Visual Studio 2012\Projects\OpenGL_1\Translation\Debug\cl.command.1.tlog
C:\Users\Fabrizio\Documents\Visual Studio 2012\Projects\OpenGL_1\Translation\Debug\CL.read.1.tlog
C:\Users\Fabrizio\Documents\Visual Studio 2012\Projects\OpenGL_1\Translation\Debug\CL.write.1.tlog
C:\Users\Fabrizio\Documents\Visual Studio 2012\Projects\OpenGL_1\Translation\Debug\link.command.1.tlog
C:\Users\Fabrizio\Documents\Visual Studio 2012\Projects\OpenGL_1\Translation\Debug\link.read.1.tlog
C:\Users\Fabrizio\Documents\Visual Studio 2012\Projects\OpenGL_1\Translation\Debug\link.write.1.tlog
C:\Users\Fabrizio\Documents\Visual Studio 2012\Projects\OpenGL_1\Translation\Debug\mt.command.1.tlog
C:\Users\Fabrizio\Documents\Visual Studio 2012\Projects\OpenGL_1\Translation\Debug\mt.read.1.tlog
C:\Users\Fabrizio\Documents\Visual Studio 2012\Projects\OpenGL_1\Translation\Debug\mt.write.1.tlog
C:\Users\Fabrizio\Documents\Visual Studio 2012\Projects\OpenGL_1\Translation\Debug\2-Translation.exe.intermediate.manifest
C:\Users\Fabrizio\Documents\Visual Studio 2012\Projects\OpenGL_1\Translation\Debug\vc100.idb
C:\Users\Fabrizio\Documents\Visual Studio 2012\Projects\OpenGL_1\Translation\Debug\vc100.pdb
C:\Users\Fabrizio\Documents\Visual Studio 2012\Projects\OpenGL_1\Debug\2-Translation.pdb
C:\Users\Fabrizio\Documents\Visual Studio 2012\Projects\OpenGL_1\Debug\2-Translation.exe
