\\SITMF302.SERVERS.CHRYSLER.COM\T1170FP$\DATA\MY DOCUMENTS\VISUAL STUDIO 2010\PROJECTS\OPENGL_1\SCALING\DEBUG\MAIN.OBJ
\\SITMF302.SERVERS.CHRYSLER.COM\T1170FP$\DATA\MY DOCUMENTS\VISUAL STUDIO 2010\PROJECTS\OPENGL_1\SCALING\DEBUG\SHADER.OBJ
\\SITMF302.SERVERS.CHRYSLER.COM\T1170FP$\DATA\MY DOCUMENTS\VISUAL STUDIO 2010\PROJECTS\OPENGL_1\SCALING\DEBUG\VC100.PDB
\\SITMF302.SERVERS.CHRYSLER.COM\T1170FP$\DATA\MY DOCUMENTS\VISUAL STUDIO 2010\PROJECTS\OPENGL_1\DEBUG\4-SCALING.EXE
\\SITMF302.SERVERS.CHRYSLER.COM\T1170FP$\DATA\MY DOCUMENTS\VISUAL STUDIO 2010\PROJECTS\OPENGL_1\SCALING\DEBUG\4-SCALING.EXE.INTERMEDIATE.MANIFEST
\\SITMF302.SERVERS.CHRYSLER.COM\T1170FP$\DATA\MY DOCUMENTS\VISUAL STUDIO 2010\PROJECTS\OPENGL_1\DEBUG\4-SCALING.PDB
C:\Users\Fabrizio\Documents\Visual Studio 2012\Projects\OpenGL_1\Scaling\Debug\main.obj
C:\Users\Fabrizio\Documents\Visual Studio 2012\Projects\OpenGL_1\Scaling\Debug\shader.obj
C:\Users\Fabrizio\Documents\Visual Studio 2012\Projects\OpenGL_1\Scaling\Debug\4-Scaling.write.1.tlog
C:\Users\Fabrizio\Documents\Visual Studio 2012\Projects\OpenGL_1\Scaling\Debug\cl.command.1.tlog
C:\Users\Fabrizio\Documents\Visual Studio 2012\Projects\OpenGL_1\Scaling\Debug\CL.read.1.tlog
C:\Users\Fabrizio\Documents\Visual Studio 2012\Projects\OpenGL_1\Scaling\Debug\CL.write.1.tlog
C:\Users\Fabrizio\Documents\Visual Studio 2012\Projects\OpenGL_1\Scaling\Debug\link.command.1.tlog
C:\Users\Fabrizio\Documents\Visual Studio 2012\Projects\OpenGL_1\Scaling\Debug\link.read.1.tlog
C:\Users\Fabrizio\Documents\Visual Studio 2012\Projects\OpenGL_1\Scaling\Debug\link.write.1.tlog
C:\Users\Fabrizio\Documents\Visual Studio 2012\Projects\OpenGL_1\Scaling\Debug\mt.command.1.tlog
C:\Users\Fabrizio\Documents\Visual Studio 2012\Projects\OpenGL_1\Scaling\Debug\mt.read.1.tlog
C:\Users\Fabrizio\Documents\Visual Studio 2012\Projects\OpenGL_1\Scaling\Debug\mt.write.1.tlog
C:\Users\Fabrizio\Documents\Visual Studio 2012\Projects\OpenGL_1\Scaling\Debug\4-Scaling.exe.intermediate.manifest
C:\Users\Fabrizio\Documents\Visual Studio 2012\Projects\OpenGL_1\Scaling\Debug\vc100.idb
C:\Users\Fabrizio\Documents\Visual Studio 2012\Projects\OpenGL_1\Scaling\Debug\vc100.pdb
C:\Users\Fabrizio\Documents\Visual Studio 2012\Projects\OpenGL_1\Debug\4-Scaling.pdb
C:\Users\Fabrizio\Documents\Visual Studio 2012\Projects\OpenGL_1\Debug\4-Scaling.exe
