\\SITMF302.SERVERS.CHRYSLER.COM\T1170FP$\DATA\MY DOCUMENTS\VISUAL STUDIO 2010\PROJECTS\OPENGL_1\DEBUG\SCALING.EXE
\\SITMF302.SERVERS.CHRYSLER.COM\T1170FP$\DATA\MY DOCUMENTS\VISUAL STUDIO 2010\PROJECTS\OPENGL_1\DEBUG\SCALING.PDB
\\sitmf302.servers.chrysler.com\t1170fp$\data\My Documents\Visual Studio 2010\Projects\OpenGL_1\Scaling\Debug\cl.command.1.tlog
\\sitmf302.servers.chrysler.com\t1170fp$\data\My Documents\Visual Studio 2010\Projects\OpenGL_1\Scaling\Debug\CL.read.1.tlog
\\sitmf302.servers.chrysler.com\t1170fp$\data\My Documents\Visual Studio 2010\Projects\OpenGL_1\Scaling\Debug\CL.write.1.tlog
\\sitmf302.servers.chrysler.com\t1170fp$\data\My Documents\Visual Studio 2010\Projects\OpenGL_1\Scaling\Debug\link.command.1.tlog
\\sitmf302.servers.chrysler.com\t1170fp$\data\My Documents\Visual Studio 2010\Projects\OpenGL_1\Scaling\Debug\link.read.1.tlog
\\sitmf302.servers.chrysler.com\t1170fp$\data\My Documents\Visual Studio 2010\Projects\OpenGL_1\Scaling\Debug\link.write.1.tlog
\\SITMF302.SERVERS.CHRYSLER.COM\T1170FP$\DATA\MY DOCUMENTS\VISUAL STUDIO 2010\PROJECTS\OPENGL_1\SCALING\DEBUG\MAIN.OBJ
\\sitmf302.servers.chrysler.com\t1170fp$\data\My Documents\Visual Studio 2010\Projects\OpenGL_1\Scaling\Debug\mt.command.1.tlog
\\sitmf302.servers.chrysler.com\t1170fp$\data\My Documents\Visual Studio 2010\Projects\OpenGL_1\Scaling\Debug\mt.read.1.tlog
\\sitmf302.servers.chrysler.com\t1170fp$\data\My Documents\Visual Studio 2010\Projects\OpenGL_1\Scaling\Debug\mt.write.1.tlog
\\sitmf302.servers.chrysler.com\t1170fp$\data\My Documents\Visual Studio 2010\Projects\OpenGL_1\Scaling\Debug\rc.command.1.tlog
\\sitmf302.servers.chrysler.com\t1170fp$\data\My Documents\Visual Studio 2010\Projects\OpenGL_1\Scaling\Debug\rc.read.1.tlog
\\sitmf302.servers.chrysler.com\t1170fp$\data\My Documents\Visual Studio 2010\Projects\OpenGL_1\Scaling\Debug\rc.write.1.tlog
\\sitmf302.servers.chrysler.com\t1170fp$\data\My Documents\Visual Studio 2010\Projects\OpenGL_1\Scaling\Debug\Scaling.exe.embed.manifest
\\sitmf302.servers.chrysler.com\t1170fp$\data\My Documents\Visual Studio 2010\Projects\OpenGL_1\Scaling\Debug\Scaling.exe.embed.manifest.res
\\SITMF302.SERVERS.CHRYSLER.COM\T1170FP$\DATA\MY DOCUMENTS\VISUAL STUDIO 2010\PROJECTS\OPENGL_1\SCALING\DEBUG\SCALING.EXE.INTERMEDIATE.MANIFEST
\\sitmf302.servers.chrysler.com\t1170fp$\data\My Documents\Visual Studio 2010\Projects\OpenGL_1\Scaling\Debug\Scaling.write.1.tlog
\\sitmf302.servers.chrysler.com\t1170fp$\data\My Documents\Visual Studio 2010\Projects\OpenGL_1\Scaling\Debug\Scaling_manifest.rc
\\SITMF302.SERVERS.CHRYSLER.COM\T1170FP$\DATA\MY DOCUMENTS\VISUAL STUDIO 2010\PROJECTS\OPENGL_1\SCALING\DEBUG\SHADER.OBJ
\\sitmf302.servers.chrysler.com\t1170fp$\data\My Documents\Visual Studio 2010\Projects\OpenGL_1\Scaling\Debug\vc100.idb
\\SITMF302.SERVERS.CHRYSLER.COM\T1170FP$\DATA\MY DOCUMENTS\VISUAL STUDIO 2010\PROJECTS\OPENGL_1\SCALING\DEBUG\VC100.PDB
