\\SITMF302.SERVERS.CHRYSLER.COM\T1170FP$\DATA\MY DOCUMENTS\VISUAL STUDIO 2010\PROJECTS\OPENGL_1\INDEXEDDRAWS\DEBUG\MAIN.OBJ
\\SITMF302.SERVERS.CHRYSLER.COM\T1170FP$\DATA\MY DOCUMENTS\VISUAL STUDIO 2010\PROJECTS\OPENGL_1\INDEXEDDRAWS\DEBUG\SHADER.OBJ
\\SITMF302.SERVERS.CHRYSLER.COM\T1170FP$\DATA\MY DOCUMENTS\VISUAL STUDIO 2010\PROJECTS\OPENGL_1\INDEXEDDRAWS\DEBUG\VC100.PDB
\\SITMF302.SERVERS.CHRYSLER.COM\T1170FP$\DATA\MY DOCUMENTS\VISUAL STUDIO 2010\PROJECTS\OPENGL_1\DEBUG\6-INDEXEDDRAWS.PDB
C:\Users\Fabrizio\Documents\Visual Studio 2012\Projects\OpenGL_1\IndexedDraws\Debug\main.obj
C:\Users\Fabrizio\Documents\Visual Studio 2012\Projects\OpenGL_1\IndexedDraws\Debug\shader.obj
C:\Users\Fabrizio\Documents\Visual Studio 2012\Projects\OpenGL_1\IndexedDraws\Debug\6-IndexedDraws.write.1.tlog
C:\Users\Fabrizio\Documents\Visual Studio 2012\Projects\OpenGL_1\IndexedDraws\Debug\cl.command.1.tlog
C:\Users\Fabrizio\Documents\Visual Studio 2012\Projects\OpenGL_1\IndexedDraws\Debug\CL.read.1.tlog
C:\Users\Fabrizio\Documents\Visual Studio 2012\Projects\OpenGL_1\IndexedDraws\Debug\CL.write.1.tlog
C:\Users\Fabrizio\Documents\Visual Studio 2012\Projects\OpenGL_1\IndexedDraws\Debug\link.command.1.tlog
C:\Users\Fabrizio\Documents\Visual Studio 2012\Projects\OpenGL_1\IndexedDraws\Debug\link.read.1.tlog
C:\Users\Fabrizio\Documents\Visual Studio 2012\Projects\OpenGL_1\IndexedDraws\Debug\link.write.1.tlog
C:\Users\Fabrizio\Documents\Visual Studio 2012\Projects\OpenGL_1\IndexedDraws\Debug\mt.command.1.tlog
C:\Users\Fabrizio\Documents\Visual Studio 2012\Projects\OpenGL_1\IndexedDraws\Debug\mt.read.1.tlog
C:\Users\Fabrizio\Documents\Visual Studio 2012\Projects\OpenGL_1\IndexedDraws\Debug\mt.write.1.tlog
C:\Users\Fabrizio\Documents\Visual Studio 2012\Projects\OpenGL_1\IndexedDraws\Debug\6-IndexedDraws.exe.intermediate.manifest
C:\Users\Fabrizio\Documents\Visual Studio 2012\Projects\OpenGL_1\IndexedDraws\Debug\vc100.idb
C:\Users\Fabrizio\Documents\Visual Studio 2012\Projects\OpenGL_1\IndexedDraws\Debug\vc100.pdb
C:\Users\Fabrizio\Documents\Visual Studio 2012\Projects\OpenGL_1\Debug\6-IndexedDraws.pdb
C:\Users\Fabrizio\Documents\Visual Studio 2012\Projects\OpenGL_1\Debug\6-IndexedDraws.exe
