C:\USERS\FABRIZIO\DOCUMENTS\VISUAL STUDIO 2012\PROJECTS\OPENGL_1\7-CONCATENATING_TRANSFORMATIONS\DEBUG\PIPELINE.OBJ
C:\USERS\FABRIZIO\DOCUMENTS\VISUAL STUDIO 2012\PROJECTS\OPENGL_1\7-CONCATENATING_TRANSFORMATIONS\DEBUG\SHADER.OBJ
C:\USERS\FABRIZIO\DOCUMENTS\VISUAL STUDIO 2012\PROJECTS\OPENGL_1\7-CONCATENATING_TRANSFORMATIONS\DEBUG\VC110.PDB
C:\USERS\FABRIZIO\DOCUMENTS\VISUAL STUDIO 2012\PROJECTS\OPENGL_1\7-CONCATENATING_TRANSFORMATIONS\DEBUG\MAIN.OBJ
C:\USERS\FABRIZIO\DOCUMENTS\VISUAL STUDIO 2012\PROJECTS\OPENGL_1\DEBUG\7-CONCATENATING_TRANSFORMATIONS.EXE
C:\USERS\FABRIZIO\DOCUMENTS\VISUAL STUDIO 2012\PROJECTS\OPENGL_1\DEBUG\7-CONCATENATING_TRANSFORMATIONS.PDB
C:\Users\Fabrizio\Documents\Visual Studio 2012\Projects\OpenGL_1\7-concatenating_transformations\Debug\main.obj
C:\Users\Fabrizio\Documents\Visual Studio 2012\Projects\OpenGL_1\7-concatenating_transformations\Debug\Pipeline.obj
C:\Users\Fabrizio\Documents\Visual Studio 2012\Projects\OpenGL_1\7-concatenating_transformations\Debug\shader.obj
C:\Users\Fabrizio\Documents\Visual Studio 2012\Projects\OpenGL_1\7-concatenating_transformations\Debug\cl.command.1.tlog
C:\Users\Fabrizio\Documents\Visual Studio 2012\Projects\OpenGL_1\7-concatenating_transformations\Debug\CL.read.1.tlog
C:\Users\Fabrizio\Documents\Visual Studio 2012\Projects\OpenGL_1\7-concatenating_transformations\Debug\CL.write.1.tlog
C:\Users\Fabrizio\Documents\Visual Studio 2012\Projects\OpenGL_1\7-concatenating_transformations\Debug\link-cvtres.read.1.tlog
C:\Users\Fabrizio\Documents\Visual Studio 2012\Projects\OpenGL_1\7-concatenating_transformations\Debug\link-cvtres.write.1.tlog
C:\Users\Fabrizio\Documents\Visual Studio 2012\Projects\OpenGL_1\7-concatenating_transformations\Debug\link-rc.read.1.tlog
C:\Users\Fabrizio\Documents\Visual Studio 2012\Projects\OpenGL_1\7-concatenating_transformations\Debug\link-rc.write.1.tlog
C:\Users\Fabrizio\Documents\Visual Studio 2012\Projects\OpenGL_1\7-concatenating_transformations\Debug\link.command.1.tlog
C:\Users\Fabrizio\Documents\Visual Studio 2012\Projects\OpenGL_1\7-concatenating_transformations\Debug\link.read.1.tlog
C:\Users\Fabrizio\Documents\Visual Studio 2012\Projects\OpenGL_1\7-concatenating_transformations\Debug\link.write.1.tlog
C:\Users\Fabrizio\Documents\Visual Studio 2012\Projects\OpenGL_1\7-concatenating_transformations\Debug\vc110.idb
C:\Users\Fabrizio\Documents\Visual Studio 2012\Projects\OpenGL_1\7-concatenating_transformations\Debug\vc110.pdb
C:\Users\Fabrizio\Documents\Visual Studio 2012\Projects\OpenGL_1\Debug\7-concatenating_transformations.pdb
C:\Users\Fabrizio\Documents\Visual Studio 2012\Projects\OpenGL_1\Debug\7-concatenating_transformations.exe
