\\SITMF302.SERVERS.CHRYSLER.COM\T1170FP$\DATA\MY DOCUMENTS\VISUAL STUDIO 2010\PROJECTS\OPENGL_1\ROTATION\DEBUG\MAIN.OBJ
\\SITMF302.SERVERS.CHRYSLER.COM\T1170FP$\DATA\MY DOCUMENTS\VISUAL STUDIO 2010\PROJECTS\OPENGL_1\ROTATION\DEBUG\SHADER.OBJ
\\SITMF302.SERVERS.CHRYSLER.COM\T1170FP$\DATA\MY DOCUMENTS\VISUAL STUDIO 2010\PROJECTS\OPENGL_1\ROTATION\DEBUG\VC100.PDB
\\SITMF302.SERVERS.CHRYSLER.COM\T1170FP$\DATA\MY DOCUMENTS\VISUAL STUDIO 2010\PROJECTS\OPENGL_1\DEBUG\3-ROTATION.EXE
\\SITMF302.SERVERS.CHRYSLER.COM\T1170FP$\DATA\MY DOCUMENTS\VISUAL STUDIO 2010\PROJECTS\OPENGL_1\ROTATION\DEBUG\3-ROTATION.EXE.INTERMEDIATE.MANIFEST
\\SITMF302.SERVERS.CHRYSLER.COM\T1170FP$\DATA\MY DOCUMENTS\VISUAL STUDIO 2010\PROJECTS\OPENGL_1\DEBUG\3-ROTATION.PDB
C:\Users\Fabrizio\Documents\Visual Studio 2012\Projects\OpenGL_1\Rotation\Debug\main.obj
C:\Users\Fabrizio\Documents\Visual Studio 2012\Projects\OpenGL_1\Rotation\Debug\shader.obj
C:\Users\Fabrizio\Documents\Visual Studio 2012\Projects\OpenGL_1\Rotation\Debug\3-Rotation.write.1.tlog
C:\Users\Fabrizio\Documents\Visual Studio 2012\Projects\OpenGL_1\Rotation\Debug\cl.command.1.tlog
C:\Users\Fabrizio\Documents\Visual Studio 2012\Projects\OpenGL_1\Rotation\Debug\CL.read.1.tlog
C:\Users\Fabrizio\Documents\Visual Studio 2012\Projects\OpenGL_1\Rotation\Debug\CL.write.1.tlog
C:\Users\Fabrizio\Documents\Visual Studio 2012\Projects\OpenGL_1\Rotation\Debug\link.command.1.tlog
C:\Users\Fabrizio\Documents\Visual Studio 2012\Projects\OpenGL_1\Rotation\Debug\link.read.1.tlog
C:\Users\Fabrizio\Documents\Visual Studio 2012\Projects\OpenGL_1\Rotation\Debug\link.write.1.tlog
C:\Users\Fabrizio\Documents\Visual Studio 2012\Projects\OpenGL_1\Rotation\Debug\mt.command.1.tlog
C:\Users\Fabrizio\Documents\Visual Studio 2012\Projects\OpenGL_1\Rotation\Debug\mt.read.1.tlog
C:\Users\Fabrizio\Documents\Visual Studio 2012\Projects\OpenGL_1\Rotation\Debug\mt.write.1.tlog
C:\Users\Fabrizio\Documents\Visual Studio 2012\Projects\OpenGL_1\Rotation\Debug\3-Rotation.exe.intermediate.manifest
C:\Users\Fabrizio\Documents\Visual Studio 2012\Projects\OpenGL_1\Rotation\Debug\vc100.idb
C:\Users\Fabrizio\Documents\Visual Studio 2012\Projects\OpenGL_1\Rotation\Debug\vc100.pdb
C:\Users\Fabrizio\Documents\Visual Studio 2012\Projects\OpenGL_1\Debug\3-Rotation.pdb
C:\Users\Fabrizio\Documents\Visual Studio 2012\Projects\OpenGL_1\Debug\3-Rotation.exe
